<?xml version="1.0" encoding="UTF-8"?>
<!-- Generated by org.testng.reporters.JUnitReportReporter -->
<testsuite hostname="APT04-1DKF7G3" failures="0" tests="1" name="OrangeHRM.logIn" time="8.626" errors="0" timestamp="2024-05-22T10:04:21 IST" skipped="0">
  <testcase classname="OrangeHRM.logIn" name="login" time="8.626"/>
</testsuite> <!-- OrangeHRM.logIn -->
